Arguments: 
  C:\Program Files\nodejs\node.exe C:\Users\123\AppData\Roaming\npm\node_modules\yarn\bin\yarn.js add numeral

PATH: 
  C:\Program Files\Git\mingw64\bin;C:\Program Files\Git\usr\bin;C:\Users\123\bin;C:\oraclexe\app\oracle\product\10.2.0\server\bin;C:\Program Files (x86)\Common Files\Oracle\Java\javapath;C:\ProgramData\Microsoft\Windows\Start Menu\Programs\Git;C:\WINDOWS\system32;C:\WINDOWS;C:\WINDOWS\System32\Wbem;C:\WINDOWS\System32\WindowsPowerShell\v1.0;C:\WINDOWS\System32\OpenSSH;C:\Program Files\Microsoft VS Code\bin;C:\Program Files\nodejs;C:\TDM-GCC-64\bin;C:\Program Files (x86)\Heroku\bin;C:\Program Files (x86)\git\cmd;C:\Program Files\Git\cmd;C:\app\MinGW\bin;C:\TDM-GCC-64\bin;C:\Users\123\AppData\Local\Programs\Python\Python36-32\Scripts;C:\Users\123\AppData\Local\Programs\Python\Python36-32;C:\Users\123\AppData\Local\Microsoft\WindowsApps;C:\Users\123\AppData\Local\atom\bin;C:\Users\123\AppData\Local\Programs\Microsoft VS Code\bin;C:\Users\123\AppData\Roaming\npm;C:\app\Sublime Text 3;C:\Program Files\heroku\bin

Yarn version: 
  1.16.0

Node version: 
  10.11.0

Platform: 
  win32 x64

Trace: 
  Error: EPERM: operation not permitted, unlink 'E:\Web devlopment\Expense-Manager\node_modules\node-sass\vendor\win32-x64-64\binding.node'

npm manifest: 
  {
    "name": "expensify-app",
    "version": "1.0.0",
    "description": "",
    "main": "app.js",
    "scripts": {
      "build": "webpack  --watch",
      "build:prod": "webpack -p --env production",
      "dev-server": "webpack-dev-server",
      "start": "node server/server.js",
      "heroku-postbuild": "npm run build:prod",
      "test": "echo \"Error: no test specified\" && exit 1"
    },
    "repository": "(git+https://github.com/Bhanu-12/Expense-Manager.git)",
    "author": "Bhanu-12 <Shrivastava1219@gmail.com>",
    "license": "ISC",
    "bugs": {
      "url": "https://github.com/Bhanu-12/INDECISION-APP/issues"
    },
    "homepage": "https://github.com/Bhanu-12/INDECISION-APP#readme",
    "dependencies": {
      "@types/numeral": "0.0.25",
      "babel-cli": "^6.26.0",
      "babel-core": "6.25.0",
      "babel-loader": "7.1.1",
      "babel-plugin-transform-class-properties": "^6.24.1",
      "babel-plugin-transform-object-rest-spread": "^6.26.0",
      "babel-preset-env": "^1.7.0",
      "babel-preset-react": "^6.24.1",
      "bad": "^0.10.0",
      "express": "^4.17.1",
      "firebase": "^6.2.0",
      "firebase-tools": "^7.0.0",
      "moment": "^2.24.0",
      "node-sass": "^4.12.0",
      "normalize.css": "^7.0.0",
      "react": "^16.8.6",
      "react-addons-shallow-compare": "^15.6.2",
      "react-date": "^2.0.0",
      "react-dates": "^20.2.3",
      "react-dom": "^16.8.6",
      "react-modal": "^3.8.1",
      "react-redux": "^7.1.0",
      "react-router-dom": "^5.0.1",
      "redux": "^4.0.1",
      "uuid": "^3.3.2",
      "validator": "^11.0.0",
      "webpack-dev-server": "^3.7.1"
    },
    "devDependencies": {
      "@babel/plugin-proposal-object-rest-spread": "^7.4.4",
      "css-loader": "^3.0.0",
      "extract-text-webpack-plugin": "^4.0.0-beta.0",
      "sass-loader": "^6.0.6",
      "style-loader": "^0.18.2",
      "webpack": "^4.33.0",
      "webpack-cli": "^3.3.3"
    }
  }

yarn manifest: 
  No manifest

Lockfile: 
  No lockfile
